2018-04-19 14:20:46 JakartaCommonsLoggingImpl.java DEBUG Logging initialized using 'org.mybatis.generator.logging.commons.JakartaCommonsLoggingLogFactory@4ec6a292' adapter.
  2018-04-19 14:20:46 JakartaCommonsLoggingImpl.java DEBUG Retrieving column information for table "ldlsc_user"
  2018-04-19 14:20:46 JakartaCommonsLoggingImpl.java DEBUG Found column "user_id", data type 12, in table "ldlsc..ldlsc_user"
  2018-04-19 14:20:46 JakartaCommonsLoggingImpl.java DEBUG Found column "USER_NAME", data type 12, in table "ldlsc..ldlsc_user"
  2018-04-19 14:20:46 JakartaCommonsLoggingImpl.java DEBUG Found column "USERLOGINNAME", data type 12, in table "ldlsc..ldlsc_user"
  2018-04-19 14:20:46 JakartaCommonsLoggingImpl.java DEBUG Found column "USERPASSWORD", data type 12, in table "ldlsc..ldlsc_user"
  2018-04-19 14:20:46 JakartaCommonsLoggingImpl.java DEBUG Found column "USERINDEX", data type 12, in table "ldlsc..ldlsc_user"
  2018-05-01 16:25:34 JakartaCommonsLoggingImpl.java DEBUG Logging initialized using 'org.mybatis.generator.logging.commons.JakartaCommonsLoggingLogFactory@4ec6a292' adapter.
  2018-05-01 16:25:34 JakartaCommonsLoggingImpl.java DEBUG Retrieving column information for table "bio"
  2018-05-01 16:25:34 JakartaCommonsLoggingImpl.java DEBUG Found column "bio_id", data type 12, in table "ldlsc..bio"
  2018-05-01 16:25:34 JakartaCommonsLoggingImpl.java DEBUG Found column "bio_no", data type 12, in table "ldlsc..bio"
  2018-05-01 16:25:34 JakartaCommonsLoggingImpl.java DEBUG Found column "bio_name", data type 12, in table "ldlsc..bio"
  2018-05-01 16:25:34 JakartaCommonsLoggingImpl.java DEBUG Found column "bio_shortname", data type 12, in table "ldlsc..bio"
  2018-05-01 16:25:34 JakartaCommonsLoggingImpl.java DEBUG Found column "bio_orgtype", data type 12, in table "ldlsc..bio"
  2018-05-01 16:25:34 JakartaCommonsLoggingImpl.java DEBUG Found column "cdg_regtype", data type 12, in table "ldlsc..bio"
  2018-05-01 16:25:34 JakartaCommonsLoggingImpl.java DEBUG Found column "bio_industry", data type 12, in table "ldlsc..bio"
  2018-05-01 16:25:34 JakartaCommonsLoggingImpl.java DEBUG Found column "bio_rga_regioncode", data type 12, in table "ldlsc..bio"
  2018-05-01 16:25:34 JakartaCommonsLoggingImpl.java DEBUG Found column "bio_bua_postcode", data type 12, in table "ldlsc..bio"
  2018-05-01 16:25:34 JakartaCommonsLoggingImpl.java DEBUG Found column "bio_con_fax", data type 12, in table "ldlsc..bio"
  2018-05-01 16:25:34 JakartaCommonsLoggingImpl.java DEBUG Found column "bio_con_mail", data type 12, in table "ldlsc..bio"
  2018-05-01 16:25:34 JakartaCommonsLoggingImpl.java DEBUG Found column "bio_bua_address", data type 12, in table "ldlsc..bio"
  2018-05-01 16:25:34 JakartaCommonsLoggingImpl.java DEBUG Retrieving column information for table "ldlsc_user"
  2018-05-01 16:25:34 JakartaCommonsLoggingImpl.java DEBUG Found column "user_id", data type 12, in table "ldlsc..ldlsc_user"
  2018-05-01 16:25:34 JakartaCommonsLoggingImpl.java DEBUG Found column "USER_NAME", data type 12, in table "ldlsc..ldlsc_user"
  2018-05-01 16:25:34 JakartaCommonsLoggingImpl.java DEBUG Found column "USERLOGINNAME", data type 12, in table "ldlsc..ldlsc_user"
  2018-05-01 16:25:34 JakartaCommonsLoggingImpl.java DEBUG Found column "USERPASSWORD", data type 12, in table "ldlsc..ldlsc_user"
  2018-05-01 16:25:34 JakartaCommonsLoggingImpl.java DEBUG Found column "USERINDEX", data type 12, in table "ldlsc..ldlsc_user"
  2018-05-01 17:02:25 JakartaCommonsLoggingImpl.java DEBUG Logging initialized using 'org.mybatis.generator.logging.commons.JakartaCommonsLoggingLogFactory@4ec6a292' adapter.
  2018-05-01 17:02:25 JakartaCommonsLoggingImpl.java DEBUG Retrieving column information for table "bio"
  2018-05-01 17:02:25 JakartaCommonsLoggingImpl.java DEBUG Found column "bio_id", data type 4, in table "ldlsc..bio"
  2018-05-01 17:02:25 JakartaCommonsLoggingImpl.java DEBUG Found column "bio_no", data type 12, in table "ldlsc..bio"
  2018-05-01 17:02:25 JakartaCommonsLoggingImpl.java DEBUG Found column "bio_name", data type 12, in table "ldlsc..bio"
  2018-05-01 17:02:25 JakartaCommonsLoggingImpl.java DEBUG Found column "bio_shortname", data type 12, in table "ldlsc..bio"
  2018-05-01 17:02:25 JakartaCommonsLoggingImpl.java DEBUG Found column "bio_orgtype", data type 12, in table "ldlsc..bio"
  2018-05-01 17:02:25 JakartaCommonsLoggingImpl.java DEBUG Found column "cdg_regtype", data type 12, in table "ldlsc..bio"
  2018-05-01 17:02:25 JakartaCommonsLoggingImpl.java DEBUG Found column "bio_industry", data type 12, in table "ldlsc..bio"
  2018-05-01 17:02:25 JakartaCommonsLoggingImpl.java DEBUG Found column "bio_rga_regioncode", data type 12, in table "ldlsc..bio"
  2018-05-01 17:02:25 JakartaCommonsLoggingImpl.java DEBUG Found column "bio_bua_postcode", data type 12, in table "ldlsc..bio"
  2018-05-01 17:02:25 JakartaCommonsLoggingImpl.java DEBUG Found column "bio_con_fax", data type 12, in table "ldlsc..bio"
  2018-05-01 17:02:25 JakartaCommonsLoggingImpl.java DEBUG Found column "bio_con_mail", data type 12, in table "ldlsc..bio"
  2018-05-01 17:02:25 JakartaCommonsLoggingImpl.java DEBUG Found column "bio_bua_address", data type 12, in table "ldlsc..bio"
  2018-05-01 19:29:58 JakartaCommonsLoggingImpl.java DEBUG Logging initialized using 'org.mybatis.generator.logging.commons.JakartaCommonsLoggingLogFactory@4ec6a292' adapter.
  2018-05-01 19:29:58 JakartaCommonsLoggingImpl.java DEBUG Retrieving column information for table "ldlsc_user"
  2018-05-01 19:29:59 JakartaCommonsLoggingImpl.java DEBUG Found column "user_id", data type 12, in table "ldlsc..ldlsc_user"
  2018-05-01 19:29:59 JakartaCommonsLoggingImpl.java DEBUG Found column "USER_NAME", data type 12, in table "ldlsc..ldlsc_user"
  2018-05-01 19:29:59 JakartaCommonsLoggingImpl.java DEBUG Found column "USERLOGINNAME", data type 12, in table "ldlsc..ldlsc_user"
  2018-05-01 19:29:59 JakartaCommonsLoggingImpl.java DEBUG Found column "USERPASSWORD", data type 12, in table "ldlsc..ldlsc_user"
  2018-05-01 19:29:59 JakartaCommonsLoggingImpl.java DEBUG Found column "USERINDEX", data type 12, in table "ldlsc..ldlsc_user"
  2018-05-03 14:07:47 JakartaCommonsLoggingImpl.java DEBUG Logging initialized using 'org.mybatis.generator.logging.commons.JakartaCommonsLoggingLogFactory@4ec6a292' adapter.
  2018-05-03 14:07:47 JakartaCommonsLoggingImpl.java DEBUG Retrieving column information for table "zj_dwzpgzb"
  2018-05-03 14:07:47 JakartaCommonsLoggingImpl.java DEBUG Found column "ZPGZBH", data type 12, in table "ldlsc..zj_dwzpgzb"
  2018-05-03 14:07:47 JakartaCommonsLoggingImpl.java DEBUG Found column "ZPBH", data type 4, in table "ldlsc..zj_dwzpgzb"
  2018-05-03 14:07:47 JakartaCommonsLoggingImpl.java DEBUG Found column "ZPGZ", data type 12, in table "ldlsc..zj_dwzpgzb"
  2018-05-03 14:07:47 JakartaCommonsLoggingImpl.java DEBUG Found column "ZPGZBM", data type 12, in table "ldlsc..zj_dwzpgzb"
  2018-05-03 14:07:47 JakartaCommonsLoggingImpl.java DEBUG Found column "GWLB", data type 12, in table "ldlsc..zj_dwzpgzb"
  2018-05-03 14:07:47 JakartaCommonsLoggingImpl.java DEBUG Found column "ZRS", data type 12, in table "ldlsc..zj_dwzpgzb"
  2018-05-03 14:07:47 JakartaCommonsLoggingImpl.java DEBUG Found column "ZPRSN", data type 12, in table "ldlsc..zj_dwzpgzb"
  2018-05-03 14:07:47 JakartaCommonsLoggingImpl.java DEBUG Found column "ZPRSNV", data type 12, in table "ldlsc..zj_dwzpgzb"
  2018-05-03 14:07:47 JakartaCommonsLoggingImpl.java DEBUG Found column "XBBX", data type 12, in table "ldlsc..zj_dwzpgzb"
  2018-05-03 14:07:47 JakartaCommonsLoggingImpl.java DEBUG Found column "hjxz", data type 12, in table "ldlsc..zj_dwzpgzb"
  2018-05-03 14:07:47 JakartaCommonsLoggingImpl.java DEBUG Found column "KSSJ", data type 12, in table "ldlsc..zj_dwzpgzb"
  2018-05-03 14:07:47 JakartaCommonsLoggingImpl.java DEBUG Found column "JSSJ", data type 12, in table "ldlsc..zj_dwzpgzb"
  2018-05-03 14:07:47 JakartaCommonsLoggingImpl.java DEBUG Found column "ZXNL", data type 12, in table "ldlsc..zj_dwzpgzb"
  2018-05-03 14:07:47 JakartaCommonsLoggingImpl.java DEBUG Found column "ZDNL", data type 12, in table "ldlsc..zj_dwzpgzb"
  2018-05-03 14:07:47 JakartaCommonsLoggingImpl.java DEBUG Found column "whcd", data type 12, in table "ldlsc..zj_dwzpgzb"
  2018-05-03 14:07:47 JakartaCommonsLoggingImpl.java DEBUG Found column "ygxs", data type 12, in table "ldlsc..zj_dwzpgzb"
  2018-05-03 14:07:47 JakartaCommonsLoggingImpl.java DEBUG Found column "ZZYX", data type 12, in table "ldlsc..zj_dwzpgzb"
  2018-05-03 14:07:47 JakartaCommonsLoggingImpl.java DEBUG Found column "ZGYX", data type 12, in table "ldlsc..zj_dwzpgzb"
  2018-05-03 14:07:47 JakartaCommonsLoggingImpl.java DEBUG Found column "hyzk", data type 12, in table "ldlsc..zj_dwzpgzb"
  2018-05-03 14:07:47 JakartaCommonsLoggingImpl.java DEBUG Found column "jkzk", data type 12, in table "ldlsc..zj_dwzpgzb"
  2018-05-03 14:07:47 JakartaCommonsLoggingImpl.java DEBUG Found column "rylb", data type 12, in table "ldlsc..zj_dwzpgzb"
  2018-05-03 14:07:47 JakartaCommonsLoggingImpl.java DEBUG Found column "sfbys", data type 12, in table "ldlsc..zj_dwzpgzb"
  2018-05-03 14:07:47 JakartaCommonsLoggingImpl.java DEBUG Found column "ZPDQ", data type 12, in table "ldlsc..zj_dwzpgzb"
  2018-05-03 14:07:47 JakartaCommonsLoggingImpl.java DEBUG Found column "JYYZ", data type 12, in table "ldlsc..zj_dwzpgzb"
  2018-05-03 14:07:47 JakartaCommonsLoggingImpl.java DEBUG Found column "SLCD", data type 12, in table "ldlsc..zj_dwzpgzb"
  2018-05-03 14:07:47 JakartaCommonsLoggingImpl.java DEBUG Found column "JSJDJ", data type 12, in table "ldlsc..zj_dwzpgzb"
  2018-05-03 14:07:47 JakartaCommonsLoggingImpl.java DEBUG Found column "JSJSLCD", data type 12, in table "ldlsc..zj_dwzpgzb"
  2018-05-03 14:07:47 JakartaCommonsLoggingImpl.java DEBUG Found column "GWMS", data type 12, in table "ldlsc..zj_dwzpgzb"
  2018-05-03 14:07:47 JakartaCommonsLoggingImpl.java DEBUG Found column "GZDD", data type 12, in table "ldlsc..zj_dwzpgzb"
  2018-05-03 14:07:47 JakartaCommonsLoggingImpl.java DEBUG Found column "CGRSN", data type 12, in table "ldlsc..zj_dwzpgzb"
  2018-05-03 14:07:47 JakartaCommonsLoggingImpl.java DEBUG Found column "CGRSNV", data type 12, in table "ldlsc..zj_dwzpgzb"
  2018-05-03 14:07:47 JakartaCommonsLoggingImpl.java DEBUG Found column "DJYXQ", data type 12, in table "ldlsc..zj_dwzpgzb"
  2018-05-03 14:07:47 JakartaCommonsLoggingImpl.java DEBUG Found column "DJSJ", data type 12, in table "ldlsc..zj_dwzpgzb"
  2018-05-03 14:07:47 JakartaCommonsLoggingImpl.java DEBUG Found column "GDSJ", data type 12, in table "ldlsc..zj_dwzpgzb"
  2018-05-03 14:07:47 JakartaCommonsLoggingImpl.java DEBUG Retrieving column information for table "zj_dwzpdjb"
  2018-05-03 14:07:47 JakartaCommonsLoggingImpl.java DEBUG Found column "ZPBH", data type 4, in table "ldlsc..zj_dwzpdjb"
  2018-05-03 14:07:47 JakartaCommonsLoggingImpl.java DEBUG Found column "DWBH", data type 4, in table "ldlsc..zj_dwzpdjb"
  2018-05-03 14:07:47 JakartaCommonsLoggingImpl.java DEBUG Found column "DWLXR", data type 12, in table "ldlsc..zj_dwzpdjb"
  2018-05-03 14:07:47 JakartaCommonsLoggingImpl.java DEBUG Found column "LXRSFZHM", data type 12, in table "ldlsc..zj_dwzpdjb"
  2018-05-03 14:07:47 JakartaCommonsLoggingImpl.java DEBUG Found column "LXRSJ", data type 12, in table "ldlsc..zj_dwzpdjb"
  2018-05-03 14:07:47 JakartaCommonsLoggingImpl.java DEBUG Found column "SFDJ", data type 12, in table "ldlsc..zj_dwzpdjb"
  2018-05-03 14:07:47 JakartaCommonsLoggingImpl.java DEBUG Found column "DJYXQ", data type 4, in table "ldlsc..zj_dwzpdjb"
  2018-05-03 14:07:47 JakartaCommonsLoggingImpl.java DEBUG Found column "DJSJ", data type 12, in table "ldlsc..zj_dwzpdjb"
  2018-05-03 14:07:47 JakartaCommonsLoggingImpl.java DEBUG Found column "GDSJ", data type 12, in table "ldlsc..zj_dwzpdjb"
  2018-05-03 14:50:32 JakartaCommonsLoggingImpl.java DEBUG Logging initialized using 'org.mybatis.generator.logging.commons.JakartaCommonsLoggingLogFactory@4ec6a292' adapter.
  2018-05-03 14:50:32 JakartaCommonsLoggingImpl.java DEBUG Retrieving column information for table "zj_dwzpgzb"
  2018-05-03 14:50:32 JakartaCommonsLoggingImpl.java DEBUG Found column "ZPGZBH", data type 4, in table "ldlsc..zj_dwzpgzb"
  2018-05-03 14:50:32 JakartaCommonsLoggingImpl.java DEBUG Found column "ZPBH", data type 4, in table "ldlsc..zj_dwzpgzb"
  2018-05-03 14:50:32 JakartaCommonsLoggingImpl.java DEBUG Found column "ZPGZ", data type 12, in table "ldlsc..zj_dwzpgzb"
  2018-05-03 14:50:32 JakartaCommonsLoggingImpl.java DEBUG Found column "ZPGZBM", data type 12, in table "ldlsc..zj_dwzpgzb"
  2018-05-03 14:50:32 JakartaCommonsLoggingImpl.java DEBUG Found column "GWLB", data type 12, in table "ldlsc..zj_dwzpgzb"
  2018-05-03 14:50:32 JakartaCommonsLoggingImpl.java DEBUG Found column "ZRS", data type 12, in table "ldlsc..zj_dwzpgzb"
  2018-05-03 14:50:32 JakartaCommonsLoggingImpl.java DEBUG Found column "ZPRSN", data type 12, in table "ldlsc..zj_dwzpgzb"
  2018-05-03 14:50:32 JakartaCommonsLoggingImpl.java DEBUG Found column "ZPRSNV", data type 12, in table "ldlsc..zj_dwzpgzb"
  2018-05-03 14:50:32 JakartaCommonsLoggingImpl.java DEBUG Found column "XBBX", data type 12, in table "ldlsc..zj_dwzpgzb"
  2018-05-03 14:50:32 JakartaCommonsLoggingImpl.java DEBUG Found column "hjxz", data type 12, in table "ldlsc..zj_dwzpgzb"
  2018-05-03 14:50:32 JakartaCommonsLoggingImpl.java DEBUG Found column "KSSJ", data type 12, in table "ldlsc..zj_dwzpgzb"
  2018-05-03 14:50:32 JakartaCommonsLoggingImpl.java DEBUG Found column "JSSJ", data type 12, in table "ldlsc..zj_dwzpgzb"
  2018-05-03 14:50:32 JakartaCommonsLoggingImpl.java DEBUG Found column "ZXNL", data type 12, in table "ldlsc..zj_dwzpgzb"
  2018-05-03 14:50:32 JakartaCommonsLoggingImpl.java DEBUG Found column "ZDNL", data type 12, in table "ldlsc..zj_dwzpgzb"
  2018-05-03 14:50:32 JakartaCommonsLoggingImpl.java DEBUG Found column "whcd", data type 12, in table "ldlsc..zj_dwzpgzb"
  2018-05-03 14:50:32 JakartaCommonsLoggingImpl.java DEBUG Found column "ygxs", data type 12, in table "ldlsc..zj_dwzpgzb"
  2018-05-03 14:50:32 JakartaCommonsLoggingImpl.java DEBUG Found column "ZZYX", data type 12, in table "ldlsc..zj_dwzpgzb"
  2018-05-03 14:50:32 JakartaCommonsLoggingImpl.java DEBUG Found column "ZGYX", data type 12, in table "ldlsc..zj_dwzpgzb"
  2018-05-03 14:50:32 JakartaCommonsLoggingImpl.java DEBUG Found column "hyzk", data type 12, in table "ldlsc..zj_dwzpgzb"
  2018-05-03 14:50:32 JakartaCommonsLoggingImpl.java DEBUG Found column "jkzk", data type 12, in table "ldlsc..zj_dwzpgzb"
  2018-05-03 14:50:32 JakartaCommonsLoggingImpl.java DEBUG Found column "rylb", data type 12, in table "ldlsc..zj_dwzpgzb"
  2018-05-03 14:50:32 JakartaCommonsLoggingImpl.java DEBUG Found column "sfbys", data type 12, in table "ldlsc..zj_dwzpgzb"
  2018-05-03 14:50:32 JakartaCommonsLoggingImpl.java DEBUG Found column "ZPDQ", data type 12, in table "ldlsc..zj_dwzpgzb"
  2018-05-03 14:50:32 JakartaCommonsLoggingImpl.java DEBUG Found column "JYYZ", data type 12, in table "ldlsc..zj_dwzpgzb"
  2018-05-03 14:50:32 JakartaCommonsLoggingImpl.java DEBUG Found column "SLCD", data type 12, in table "ldlsc..zj_dwzpgzb"
  2018-05-03 14:50:32 JakartaCommonsLoggingImpl.java DEBUG Found column "JSJDJ", data type 12, in table "ldlsc..zj_dwzpgzb"
  2018-05-03 14:50:32 JakartaCommonsLoggingImpl.java DEBUG Found column "JSJSLCD", data type 12, in table "ldlsc..zj_dwzpgzb"
  2018-05-03 14:50:32 JakartaCommonsLoggingImpl.java DEBUG Found column "GWMS", data type 12, in table "ldlsc..zj_dwzpgzb"
  2018-05-03 14:50:32 JakartaCommonsLoggingImpl.java DEBUG Found column "GZDD", data type 12, in table "ldlsc..zj_dwzpgzb"
  2018-05-03 14:50:32 JakartaCommonsLoggingImpl.java DEBUG Found column "CGRSN", data type 12, in table "ldlsc..zj_dwzpgzb"
  2018-05-03 14:50:32 JakartaCommonsLoggingImpl.java DEBUG Found column "CGRSNV", data type 12, in table "ldlsc..zj_dwzpgzb"
  2018-05-03 14:50:32 JakartaCommonsLoggingImpl.java DEBUG Found column "DJYXQ", data type 12, in table "ldlsc..zj_dwzpgzb"
  2018-05-03 14:50:32 JakartaCommonsLoggingImpl.java DEBUG Found column "DJSJ", data type 12, in table "ldlsc..zj_dwzpgzb"
  2018-05-03 14:50:32 JakartaCommonsLoggingImpl.java DEBUG Found column "GDSJ", data type 12, in table "ldlsc..zj_dwzpgzb"
  2018-05-03 14:50:32 JakartaCommonsLoggingImpl.java DEBUG Retrieving column information for table "zj_dwzpdjb"
  2018-05-03 14:50:32 JakartaCommonsLoggingImpl.java DEBUG Found column "ZPBH", data type 4, in table "ldlsc..zj_dwzpdjb"
  2018-05-03 14:50:32 JakartaCommonsLoggingImpl.java DEBUG Found column "DWBH", data type 4, in table "ldlsc..zj_dwzpdjb"
  2018-05-03 14:50:32 JakartaCommonsLoggingImpl.java DEBUG Found column "DWLXR", data type 12, in table "ldlsc..zj_dwzpdjb"
  2018-05-03 14:50:32 JakartaCommonsLoggingImpl.java DEBUG Found column "LXRSFZHM", data type 12, in table "ldlsc..zj_dwzpdjb"
  2018-05-03 14:50:32 JakartaCommonsLoggingImpl.java DEBUG Found column "LXRSJ", data type 12, in table "ldlsc..zj_dwzpdjb"
  2018-05-03 14:50:32 JakartaCommonsLoggingImpl.java DEBUG Found column "SFDJ", data type 12, in table "ldlsc..zj_dwzpdjb"
  2018-05-03 14:50:32 JakartaCommonsLoggingImpl.java DEBUG Found column "DJYXQ", data type 4, in table "ldlsc..zj_dwzpdjb"
  2018-05-03 14:50:32 JakartaCommonsLoggingImpl.java DEBUG Found column "DJSJ", data type 12, in table "ldlsc..zj_dwzpdjb"
  2018-05-03 14:50:32 JakartaCommonsLoggingImpl.java DEBUG Found column "GDSJ", data type 12, in table "ldlsc..zj_dwzpdjb"
  2018-05-03 19:08:20 JakartaCommonsLoggingImpl.java DEBUG Logging initialized using 'org.mybatis.generator.logging.commons.JakartaCommonsLoggingLogFactory@4ec6a292' adapter.
  2018-05-03 19:08:21 JakartaCommonsLoggingImpl.java DEBUG Retrieving column information for table "zj_dwzpgzb"
  2018-05-03 19:08:21 JakartaCommonsLoggingImpl.java DEBUG Found column "ZPGZBH", data type 4, in table "ldlsc..zj_dwzpgzb"
  2018-05-03 19:08:21 JakartaCommonsLoggingImpl.java DEBUG Found column "ZPBH", data type 4, in table "ldlsc..zj_dwzpgzb"
  2018-05-03 19:08:21 JakartaCommonsLoggingImpl.java DEBUG Found column "ZPGZ", data type 12, in table "ldlsc..zj_dwzpgzb"
  2018-05-03 19:08:21 JakartaCommonsLoggingImpl.java DEBUG Found column "ZPGZBM", data type 12, in table "ldlsc..zj_dwzpgzb"
  2018-05-03 19:08:21 JakartaCommonsLoggingImpl.java DEBUG Found column "GWLB", data type 12, in table "ldlsc..zj_dwzpgzb"
  2018-05-03 19:08:21 JakartaCommonsLoggingImpl.java DEBUG Found column "ZRS", data type 4, in table "ldlsc..zj_dwzpgzb"
  2018-05-03 19:08:21 JakartaCommonsLoggingImpl.java DEBUG Found column "ZPRSN", data type 4, in table "ldlsc..zj_dwzpgzb"
  2018-05-03 19:08:21 JakartaCommonsLoggingImpl.java DEBUG Found column "ZPRSNV", data type 4, in table "ldlsc..zj_dwzpgzb"
  2018-05-03 19:08:21 JakartaCommonsLoggingImpl.java DEBUG Found column "XBBX", data type 4, in table "ldlsc..zj_dwzpgzb"
  2018-05-03 19:08:21 JakartaCommonsLoggingImpl.java DEBUG Found column "hjxz", data type 12, in table "ldlsc..zj_dwzpgzb"
  2018-05-03 19:08:21 JakartaCommonsLoggingImpl.java DEBUG Found column "KSSJ", data type 91, in table "ldlsc..zj_dwzpgzb"
  2018-05-03 19:08:21 JakartaCommonsLoggingImpl.java DEBUG Found column "JSSJ", data type 91, in table "ldlsc..zj_dwzpgzb"
  2018-05-03 19:08:21 JakartaCommonsLoggingImpl.java DEBUG Found column "ZXNL", data type 12, in table "ldlsc..zj_dwzpgzb"
  2018-05-03 19:08:21 JakartaCommonsLoggingImpl.java DEBUG Found column "ZDNL", data type 12, in table "ldlsc..zj_dwzpgzb"
  2018-05-03 19:08:21 JakartaCommonsLoggingImpl.java DEBUG Found column "whcd", data type 12, in table "ldlsc..zj_dwzpgzb"
  2018-05-03 19:08:21 JakartaCommonsLoggingImpl.java DEBUG Found column "ygxs", data type 12, in table "ldlsc..zj_dwzpgzb"
  2018-05-03 19:08:21 JakartaCommonsLoggingImpl.java DEBUG Found column "ZZYX", data type 12, in table "ldlsc..zj_dwzpgzb"
  2018-05-03 19:08:21 JakartaCommonsLoggingImpl.java DEBUG Found column "ZGYX", data type 12, in table "ldlsc..zj_dwzpgzb"
  2018-05-03 19:08:21 JakartaCommonsLoggingImpl.java DEBUG Found column "hyzk", data type 12, in table "ldlsc..zj_dwzpgzb"
  2018-05-03 19:08:21 JakartaCommonsLoggingImpl.java DEBUG Found column "jkzk", data type 12, in table "ldlsc..zj_dwzpgzb"
  2018-05-03 19:08:21 JakartaCommonsLoggingImpl.java DEBUG Found column "rylb", data type 12, in table "ldlsc..zj_dwzpgzb"
  2018-05-03 19:08:21 JakartaCommonsLoggingImpl.java DEBUG Found column "sfbys", data type 12, in table "ldlsc..zj_dwzpgzb"
  2018-05-03 19:08:21 JakartaCommonsLoggingImpl.java DEBUG Found column "ZPDQ", data type 12, in table "ldlsc..zj_dwzpgzb"
  2018-05-03 19:08:21 JakartaCommonsLoggingImpl.java DEBUG Found column "JYYZ", data type 12, in table "ldlsc..zj_dwzpgzb"
  2018-05-03 19:08:21 JakartaCommonsLoggingImpl.java DEBUG Found column "SLCD", data type 12, in table "ldlsc..zj_dwzpgzb"
  2018-05-03 19:08:21 JakartaCommonsLoggingImpl.java DEBUG Found column "JSJDJ", data type 12, in table "ldlsc..zj_dwzpgzb"
  2018-05-03 19:08:21 JakartaCommonsLoggingImpl.java DEBUG Found column "JSJSLCD", data type 12, in table "ldlsc..zj_dwzpgzb"
  2018-05-03 19:08:21 JakartaCommonsLoggingImpl.java DEBUG Found column "GWMS", data type 12, in table "ldlsc..zj_dwzpgzb"
  2018-05-03 19:08:21 JakartaCommonsLoggingImpl.java DEBUG Found column "GZDD", data type 12, in table "ldlsc..zj_dwzpgzb"
  2018-05-03 19:08:21 JakartaCommonsLoggingImpl.java DEBUG Found column "CGRSN", data type 4, in table "ldlsc..zj_dwzpgzb"
  2018-05-03 19:08:21 JakartaCommonsLoggingImpl.java DEBUG Found column "CGRSNV", data type 4, in table "ldlsc..zj_dwzpgzb"
  2018-05-03 19:08:21 JakartaCommonsLoggingImpl.java DEBUG Found column "DJYXQ", data type 12, in table "ldlsc..zj_dwzpgzb"
  2018-05-03 19:08:21 JakartaCommonsLoggingImpl.java DEBUG Found column "DJSJ", data type 91, in table "ldlsc..zj_dwzpgzb"
  2018-05-03 19:08:21 JakartaCommonsLoggingImpl.java DEBUG Found column "GDSJ", data type 91, in table "ldlsc..zj_dwzpgzb"
  2018-05-03 19:08:21 JakartaCommonsLoggingImpl.java DEBUG Retrieving column information for table "zj_dwzpdjb"
  2018-05-03 19:08:21 JakartaCommonsLoggingImpl.java DEBUG Found column "ZPBH", data type 4, in table "ldlsc..zj_dwzpdjb"
  2018-05-03 19:08:21 JakartaCommonsLoggingImpl.java DEBUG Found column "DWBH", data type 4, in table "ldlsc..zj_dwzpdjb"
  2018-05-03 19:08:21 JakartaCommonsLoggingImpl.java DEBUG Found column "DWLXR", data type 12, in table "ldlsc..zj_dwzpdjb"
  2018-05-03 19:08:21 JakartaCommonsLoggingImpl.java DEBUG Found column "LXRSFZHM", data type 12, in table "ldlsc..zj_dwzpdjb"
  2018-05-03 19:08:21 JakartaCommonsLoggingImpl.java DEBUG Found column "LXRSJ", data type 12, in table "ldlsc..zj_dwzpdjb"
  2018-05-03 19:08:21 JakartaCommonsLoggingImpl.java DEBUG Found column "SFDJ", data type 12, in table "ldlsc..zj_dwzpdjb"
  2018-05-03 19:08:21 JakartaCommonsLoggingImpl.java DEBUG Found column "DJYXQ", data type 4, in table "ldlsc..zj_dwzpdjb"
  2018-05-03 19:08:21 JakartaCommonsLoggingImpl.java DEBUG Found column "DJSJ", data type 91, in table "ldlsc..zj_dwzpdjb"
  2018-05-03 19:08:21 JakartaCommonsLoggingImpl.java DEBUG Found column "GDSJ", data type 91, in table "ldlsc..zj_dwzpdjb"
  2018-05-03 19:17:45 JakartaCommonsLoggingImpl.java DEBUG Logging initialized using 'org.mybatis.generator.logging.commons.JakartaCommonsLoggingLogFactory@4ec6a292' adapter.
  2018-05-03 19:17:45 JakartaCommonsLoggingImpl.java DEBUG Retrieving column information for table "zj_dwzpgzb"
  2018-05-03 19:17:45 JakartaCommonsLoggingImpl.java DEBUG Found column "ZPGZBH", data type 4, in table "ldlsc..zj_dwzpgzb"
  2018-05-03 19:17:45 JakartaCommonsLoggingImpl.java DEBUG Found column "ZPBH", data type 4, in table "ldlsc..zj_dwzpgzb"
  2018-05-03 19:17:45 JakartaCommonsLoggingImpl.java DEBUG Found column "ZPGZ", data type 12, in table "ldlsc..zj_dwzpgzb"
  2018-05-03 19:17:45 JakartaCommonsLoggingImpl.java DEBUG Found column "ZPGZBM", data type 12, in table "ldlsc..zj_dwzpgzb"
  2018-05-03 19:17:45 JakartaCommonsLoggingImpl.java DEBUG Found column "GWLB", data type 12, in table "ldlsc..zj_dwzpgzb"
  2018-05-03 19:17:45 JakartaCommonsLoggingImpl.java DEBUG Found column "ZRS", data type 4, in table "ldlsc..zj_dwzpgzb"
  2018-05-03 19:17:45 JakartaCommonsLoggingImpl.java DEBUG Found column "ZPRSN", data type 4, in table "ldlsc..zj_dwzpgzb"
  2018-05-03 19:17:46 JakartaCommonsLoggingImpl.java DEBUG Found column "ZPRSNV", data type 4, in table "ldlsc..zj_dwzpgzb"
  2018-05-03 19:17:46 JakartaCommonsLoggingImpl.java DEBUG Found column "XBBX", data type 4, in table "ldlsc..zj_dwzpgzb"
  2018-05-03 19:17:46 JakartaCommonsLoggingImpl.java DEBUG Found column "hjxz", data type 12, in table "ldlsc..zj_dwzpgzb"
  2018-05-03 19:17:46 JakartaCommonsLoggingImpl.java DEBUG Found column "KSSJ", data type 91, in table "ldlsc..zj_dwzpgzb"
  2018-05-03 19:17:46 JakartaCommonsLoggingImpl.java DEBUG Found column "JSSJ", data type 91, in table "ldlsc..zj_dwzpgzb"
  2018-05-03 19:17:46 JakartaCommonsLoggingImpl.java DEBUG Found column "ZXNL", data type 12, in table "ldlsc..zj_dwzpgzb"
  2018-05-03 19:17:46 JakartaCommonsLoggingImpl.java DEBUG Found column "ZDNL", data type 12, in table "ldlsc..zj_dwzpgzb"
  2018-05-03 19:17:46 JakartaCommonsLoggingImpl.java DEBUG Found column "whcd", data type 12, in table "ldlsc..zj_dwzpgzb"
  2018-05-03 19:17:46 JakartaCommonsLoggingImpl.java DEBUG Found column "ygxs", data type 12, in table "ldlsc..zj_dwzpgzb"
  2018-05-03 19:17:46 JakartaCommonsLoggingImpl.java DEBUG Found column "ZZYX", data type 12, in table "ldlsc..zj_dwzpgzb"
  2018-05-03 19:17:46 JakartaCommonsLoggingImpl.java DEBUG Found column "ZGYX", data type 12, in table "ldlsc..zj_dwzpgzb"
  2018-05-03 19:17:46 JakartaCommonsLoggingImpl.java DEBUG Found column "hyzk", data type 12, in table "ldlsc..zj_dwzpgzb"
  2018-05-03 19:17:46 JakartaCommonsLoggingImpl.java DEBUG Found column "jkzk", data type 12, in table "ldlsc..zj_dwzpgzb"
  2018-05-03 19:17:46 JakartaCommonsLoggingImpl.java DEBUG Found column "rylb", data type 12, in table "ldlsc..zj_dwzpgzb"
  2018-05-03 19:17:46 JakartaCommonsLoggingImpl.java DEBUG Found column "sfbys", data type 12, in table "ldlsc..zj_dwzpgzb"
  2018-05-03 19:17:46 JakartaCommonsLoggingImpl.java DEBUG Found column "ZPDQ", data type 12, in table "ldlsc..zj_dwzpgzb"
  2018-05-03 19:17:46 JakartaCommonsLoggingImpl.java DEBUG Found column "JYYZ", data type 12, in table "ldlsc..zj_dwzpgzb"
  2018-05-03 19:17:46 JakartaCommonsLoggingImpl.java DEBUG Found column "SLCD", data type 12, in table "ldlsc..zj_dwzpgzb"
  2018-05-03 19:17:46 JakartaCommonsLoggingImpl.java DEBUG Found column "JSJDJ", data type 12, in table "ldlsc..zj_dwzpgzb"
  2018-05-03 19:17:46 JakartaCommonsLoggingImpl.java DEBUG Found column "JSJSLCD", data type 12, in table "ldlsc..zj_dwzpgzb"
  2018-05-03 19:17:46 JakartaCommonsLoggingImpl.java DEBUG Found column "GWMS", data type 12, in table "ldlsc..zj_dwzpgzb"
  2018-05-03 19:17:46 JakartaCommonsLoggingImpl.java DEBUG Found column "GZDD", data type 12, in table "ldlsc..zj_dwzpgzb"
  2018-05-03 19:17:46 JakartaCommonsLoggingImpl.java DEBUG Found column "CGRSN", data type 4, in table "ldlsc..zj_dwzpgzb"
  2018-05-03 19:17:46 JakartaCommonsLoggingImpl.java DEBUG Found column "CGRSNV", data type 4, in table "ldlsc..zj_dwzpgzb"
  2018-05-03 19:17:46 JakartaCommonsLoggingImpl.java DEBUG Found column "DJYXQ", data type 4, in table "ldlsc..zj_dwzpgzb"
  2018-05-03 19:17:46 JakartaCommonsLoggingImpl.java DEBUG Found column "DJSJ", data type 91, in table "ldlsc..zj_dwzpgzb"
  2018-05-03 19:17:46 JakartaCommonsLoggingImpl.java DEBUG Found column "GDSJ", data type 91, in table "ldlsc..zj_dwzpgzb"
  